<?xml version="1.0" encoding="UTF-8"?>
<testsuite name="DecideTest" tests="1" skipped="0" failures="0" errors="0" timestamp="2019-01-23T14:43:15" hostname="n144-p197.eduroam.kth.se" time="0.001">
  <properties/>
  <testcase name="dummyTest" classname="DecideTest" time="0.001"/>
  <system-out><![CDATA[]]></system-out>
  <system-err><![CDATA[]]></system-err>
</testsuite>
